#
# There is insufficient memory for the Java Runtime Environment to continue.
# Native memory allocation (mmap) failed to map 130023424 bytes for G1 virtual space
# Possible reasons:
#   The system is out of physical RAM or swap space
#   The process is running with CompressedOops enabled, and the Java Heap may be blocking the growth of the native heap
# Possible solutions:
#   Reduce memory load on the system
#   Increase physical memory or swap space
#   Check if swap backing store is full
#   Decrease Java heap size (-Xmx/-Xms)
#   Decrease number of Java threads
#   Decrease Java thread stack sizes (-Xss)
#   Set larger code cache with -XX:ReservedCodeCacheSize=
#   JVM is running with Unscaled Compressed Oops mode in which the Java heap is
#     placed in the first 4GB address space. The Java Heap base address is the
#     maximum limit for the native heap growth. Please use -XX:HeapBaseMinAddress
#     to set the Java Heap base and to place the Java Heap above 4GB virtual address.
# This output file may be truncated or incomplete.
#
#  Out of Memory Error (os_windows.cpp:3530), pid=24332, tid=40260
#
# JRE version:  (18.0.2.1+1) (build )
# Java VM: Java HotSpot(TM) 64-Bit Server VM (18.0.2.1+1-1, mixed mode, sharing, tiered, compressed oops, compressed class ptrs, g1 gc, windows-amd64)
# No core dump will be written. Minidumps are not enabled by default on client versions of Windows
#

---------------  S U M M A R Y ------------

Command Line: -Dclassworlds.conf=C:\Users\harshith.qa\.windsurf\extensions\oracle.oracle-java-24.1.2\nbcode\java\maven\bin\m2.conf -Dmaven.home=C:\Users\harshith.qa\.windsurf\extensions\oracle.oracle-java-24.1.2\nbcode\java\maven -Dlibrary.jansi.path=C:\Users\harshith.qa\.windsurf\extensions\oracle.oracle-java-24.1.2\nbcode\java\maven\lib\jansi-native -Dmaven.multiModuleProjectDirectory=C:\Users\harshith.qa\Downloads\appium-testng-fms-project org.codehaus.plexus.classworlds.launcher.Launcher -Dtest=com.example.tests.L2ProspectL1FlowTest#runL2ProspectL1DetailsFlow -Dmaven.ext.class.path=C:\Users\harshith.qa\.windsurf\extensions\oracle.oracle-java-24.1.2\nbcode\java\maven-nblib\netbeans-eventspy.jar --no-transfer-progress process-test-classes surefire:test

Host: 12th Gen Intel(R) Core(TM) i7-1255U, 12 cores, 7G,  Windows 11 , 64 bit Build 26100 (10.0.26100.7019)
Time: Tue Dec  2 15:33:03 2025 India Standard Time elapsed time: 1.220240 seconds (0d 0h 0m 1s)

---------------  T H R E A D  ---------------

Current thread (0x000002ac76168b50):  JavaThread "Unknown thread" [_thread_in_vm, id=40260, stack(0x000000f6d4e00000,0x000000f6d4f00000)]

Stack: [0x000000f6d4e00000,0x000000f6d4f00000]
Native frames: (J=compiled Java code, j=interpreted, Vv=VM code, C=native code)
V  [jvm.dll+0x6993aa]
V  [jvm.dll+0x7f46dd]
V  [jvm.dll+0x7f5fee]
V  [jvm.dll+0x7f66a3]
V  [jvm.dll+0x25cf1f]
V  [jvm.dll+0x6962f9]
V  [jvm.dll+0x68ae2a]
V  [jvm.dll+0x32255b]
V  [jvm.dll+0x329f36]
V  [jvm.dll+0x37eade]
V  [jvm.dll+0x37ed0f]
V  [jvm.dll+0x2fa2da]
V  [jvm.dll+0x2fb33d]
V  [jvm.dll+0x7c3310]
V  [jvm.dll+0x38be61]
V  [jvm.dll+0x7a2023]
V  [jvm.dll+0x40dc3f]
V  [jvm.dll+0x40f611]
C  [jli.dll+0x526b]
C  [ucrtbase.dll+0x37b0]
C  [KERNEL32.DLL+0x2e8d7]
C  [ntdll.dll+0x8c53c]


---------------  P R O C E S S  ---------------

Threads class SMR info:
_java_thread_list=0x00007ffeb078e550, length=0, elements={
}

Java Threads: ( => current thread )

Other Threads:
  0x000002ac761cc210 WorkerThread "GC Thread#0" [stack: 0x000000f6d4f00000,0x000000f6d5000000] [id=32588]
  0x000002ac761dfa10 ConcurrentGCThread "G1 Main Marker" [stack: 0x000000f6d5000000,0x000000f6d5100000] [id=24596]
  0x000002ac761e0210 WorkerThread "G1 Conc#0" [stack: 0x000000f6d5100000,0x000000f6d5200000] [id=25388]

[error occurred during error reporting (printing all threads), id 0xc0000005, EXCEPTION_ACCESS_VIOLATION (0xc0000005) at pc=0x00007ffeaffba877]

VM state: not at safepoint (not fully initialized)

VM Mutex/Monitor currently owned by a thread:  ([mutex/lock_event])
[0x000002ac76167460] Heap_lock - owner thread: 0x000002ac76168b50

Heap address: 0x0000000084e00000, size: 1970 MB, Compressed Oops mode: 32-bit

CDS archive(s) mapped at: [0x0000000000000000-0x0000000000000000-0x0000000000000000), size 0, SharedBaseAddress: 0x0000000800000000, ArchiveRelocationMode: 0.
Narrow klass base: 0x0000000000000000, Narrow klass shift: 0, Narrow klass range: 0x0

GC Precious Log:
 CardTable entry size: 512
 Card Set container configuration: InlinePtr #cards 5 size 8 Array Of Cards #cards 12 size 40 Howl #buckets 4 coarsen threshold 1843 Howl Bitmap #cards 512 size 80 coarsen threshold 460 Card regions per heap region 1 cards per card region 2048

Heap:
 garbage-first heap   total 0K, used 0K [0x0000000084e00000, 0x0000000100000000)
  region size 1024K, 0 young (0K), 0 survivors (0K)

[error occurred during error reporting (printing heap information), id 0xc0000005, EXCEPTION_ACCESS_VIOLATION (0xc0000005) at pc=0x00007ffeb03a1839]

GC Heap History (0 events):
No events

Deoptimization events (0 events):
No events

Classes loaded (0 events):
No events

Classes unloaded (0 events):
No events

Classes redefined (0 events):
No events

Internal exceptions (0 events):
No events

VM Operations (0 events):
No events

Events (1 events):
Event: 0.043 Loaded shared library C:\Program Files\Java\jdk-18.0.2.1\bin\java.dll


Dynamic libraries:
0x00007ff6d9980000 - 0x00007ff6d9990000 	C:\Program Files\Java\jdk-18.0.2.1\bin\java.exe
0x00007fff3c020000 - 0x00007fff3c288000 	C:\WINDOWS\SYSTEM32\ntdll.dll
0x00007fff3adc0000 - 0x00007fff3ae89000 	C:\WINDOWS\System32\KERNEL32.DLL
0x00007fff392e0000 - 0x00007fff396d8000 	C:\WINDOWS\System32\KERNELBASE.dll
0x00007fff397a0000 - 0x00007fff398eb000 	C:\WINDOWS\System32\ucrtbase.dll
0x00007fff22b30000 - 0x00007fff22b4a000 	C:\Program Files\Java\jdk-18.0.2.1\bin\VCRUNTIME140.dll
0x00007fff23fc0000 - 0x00007fff23fd8000 	C:\Program Files\Java\jdk-18.0.2.1\bin\jli.dll
0x00007fff3a6c0000 - 0x00007fff3a774000 	C:\WINDOWS\System32\ADVAPI32.dll
0x00007fff3a040000 - 0x00007fff3a0e9000 	C:\WINDOWS\System32\msvcrt.dll
0x00007fff3bdc0000 - 0x00007fff3be66000 	C:\WINDOWS\System32\sechost.dll
0x00007fff3b960000 - 0x00007fff3ba78000 	C:\WINDOWS\System32\RPCRT4.dll
0x00007fff3bb10000 - 0x00007fff3bcd7000 	C:\WINDOWS\System32\USER32.dll
0x00007fff21c70000 - 0x00007fff21f04000 	C:\WINDOWS\WinSxS\amd64_microsoft.windows.common-controls_6595b64144ccf1df_6.0.26100.7019_none_3e06ffa0e335b8a8\COMCTL32.dll
0x00007fff39a50000 - 0x00007fff39a77000 	C:\WINDOWS\System32\win32u.dll
0x00007fff3a690000 - 0x00007fff3a6bb000 	C:\WINDOWS\System32\GDI32.dll
0x00007fff39c00000 - 0x00007fff39d2c000 	C:\WINDOWS\System32\gdi32full.dll
0x00007fff399a0000 - 0x00007fff39a43000 	C:\WINDOWS\System32\msvcp_win.dll
0x00007fff24e30000 - 0x00007fff24e3b000 	C:\WINDOWS\SYSTEM32\VERSION.dll
0x00007fff3a0f0000 - 0x00007fff3a121000 	C:\WINDOWS\System32\IMM32.DLL
0x00007fff241c0000 - 0x00007fff241cc000 	C:\Program Files\Java\jdk-18.0.2.1\bin\vcruntime140_1.dll
0x00007ffef5900000 - 0x00007ffef598d000 	C:\Program Files\Java\jdk-18.0.2.1\bin\msvcp140.dll
0x00007ffeafcb0000 - 0x00007ffeb08c1000 	C:\Program Files\Java\jdk-18.0.2.1\bin\server\jvm.dll
0x00007fff30660000 - 0x00007fff3066a000 	C:\WINDOWS\SYSTEM32\WSOCK32.dll
0x00007fff3acc0000 - 0x00007fff3acc8000 	C:\WINDOWS\System32\PSAPI.DLL
0x00007fff3ba80000 - 0x00007fff3baf4000 	C:\WINDOWS\System32\WS2_32.dll
0x00007fff32dc0000 - 0x00007fff32df5000 	C:\WINDOWS\SYSTEM32\WINMM.dll
0x00007fff37e50000 - 0x00007fff37e6b000 	C:\WINDOWS\SYSTEM32\kernel.appcore.dll
0x00007fff22ef0000 - 0x00007fff22efa000 	C:\Program Files\Java\jdk-18.0.2.1\bin\jimage.dll
0x00007fff365d0000 - 0x00007fff36812000 	C:\WINDOWS\SYSTEM32\DBGHELP.DLL
0x00007fff3a930000 - 0x00007fff3acbb000 	C:\WINDOWS\System32\combase.dll
0x00007fff3bce0000 - 0x00007fff3bdb7000 	C:\WINDOWS\System32\OLEAUT32.dll
0x00007fff167d0000 - 0x00007fff1680c000 	C:\WINDOWS\SYSTEM32\dbgcore.DLL
0x00007fff398f0000 - 0x00007fff39995000 	C:\WINDOWS\System32\bcryptPrimitives.dll
0x00007fff05320000 - 0x00007fff05345000 	C:\Program Files\Java\jdk-18.0.2.1\bin\java.dll

dbghelp: loaded successfully - version: 4.0.5 - missing functions: none
symbol engine: initialized successfully - sym options: 0x614 - pdb path: .;C:\Program Files\Java\jdk-18.0.2.1\bin;C:\WINDOWS\SYSTEM32;C:\WINDOWS\WinSxS\amd64_microsoft.windows.common-controls_6595b64144ccf1df_6.0.26100.7019_none_3e06ffa0e335b8a8;C:\Program Files\Java\jdk-18.0.2.1\bin\server

VM Arguments:
jvm_args: -Dclassworlds.conf=C:\Users\harshith.qa\.windsurf\extensions\oracle.oracle-java-24.1.2\nbcode\java\maven\bin\m2.conf -Dmaven.home=C:\Users\harshith.qa\.windsurf\extensions\oracle.oracle-java-24.1.2\nbcode\java\maven -Dlibrary.jansi.path=C:\Users\harshith.qa\.windsurf\extensions\oracle.oracle-java-24.1.2\nbcode\java\maven\lib\jansi-native -Dmaven.multiModuleProjectDirectory=C:\Users\harshith.qa\Downloads\appium-testng-fms-project 
java_command: org.codehaus.plexus.classworlds.launcher.Launcher -Dtest=com.example.tests.L2ProspectL1FlowTest#runL2ProspectL1DetailsFlow -Dmaven.ext.class.path=C:\Users\harshith.qa\.windsurf\extensions\oracle.oracle-java-24.1.2\nbcode\java\maven-nblib\netbeans-eventspy.jar --no-transfer-progress process-test-classes surefire:test
java_class_path (initial): C:\Users\harshith.qa\.windsurf\extensions\oracle.oracle-java-24.1.2\nbcode\java\maven\boot\plexus-classworlds-2.8.0.jar
Launcher Type: SUN_STANDARD

[Global flags]
     intx CICompilerCount                          = 4                                         {product} {ergonomic}
     uint ConcGCThreads                            = 3                                         {product} {ergonomic}
     uint G1ConcRefinementThreads                  = 10                                        {product} {ergonomic}
   size_t G1HeapRegionSize                         = 1048576                                   {product} {ergonomic}
    uintx GCDrainStackTargetSize                   = 64                                        {product} {ergonomic}
   size_t InitialHeapSize                          = 130023424                                 {product} {ergonomic}
   size_t MarkStackSize                            = 4194304                                   {product} {ergonomic}
   size_t MaxHeapSize                              = 2065694720                                {product} {ergonomic}
   size_t MinHeapDeltaBytes                        = 1048576                                   {product} {ergonomic}
   size_t MinHeapSize                              = 8388608                                   {product} {ergonomic}
    uintx NonNMethodCodeHeapSize                   = 5839372                                {pd product} {ergonomic}
    uintx NonProfiledCodeHeapSize                  = 122909434                              {pd product} {ergonomic}
    uintx ProfiledCodeHeapSize                     = 122909434                              {pd product} {ergonomic}
    uintx ReservedCodeCacheSize                    = 251658240                              {pd product} {ergonomic}
     bool SegmentedCodeCache                       = true                                      {product} {ergonomic}
   size_t SoftMaxHeapSize                          = 2065694720                             {manageable} {ergonomic}
     bool UseCompressedClassPointers               = true                           {product lp64_product} {ergonomic}
     bool UseCompressedOops                        = true                           {product lp64_product} {ergonomic}
     bool UseG1GC                                  = true                                      {product} {ergonomic}
     bool UseLargePagesIndividualAllocation        = false                                  {pd product} {ergonomic}

Logging:
Log output configuration:
 #0: stdout all=warning uptime,level,tags foldmultilines=false
 #1: stderr all=off uptime,level,tags foldmultilines=false

Environment Variables:
JAVA_HOME=C:\Program Files\Java\jdk-18.0.2.1
PATH=C:\Python314\Scripts\;C:\Python314\;C:\Program Files\Eclipse Adoptium\jdk-17.0.7.7-hotspot\bin;C:\Program Files\Common Files\Oracle\Java\javapath;C:\WINDOWS\system32;C:\WINDOWS;C:\WINDOWS\System32\Wbem;C:\WINDOWS\System32\WindowsPowerShell\v1.0\;C:\WINDOWS\System32\OpenSSH\;C:\Program Files\dotnet\;;C:\Users\harshith.qa\AppData\Local\Android\Sdk;C:\Users\Harshiths\AppData\Local\Android\Sdk\build-tools;C:\Users\Harshiths\AppData\Local\Android\Sdk\platforms;C:\Users\Harshiths\AppData\Local\Android\Sdk\platform-tools;C:\Users\Harshiths\AppData\Local\Android\Sdk\tools;C:\Users\Harshiths\node_modules;C:\Users\Harshiths\node_modules\newman\lib\config;C:\Users\Harshiths\AppData\Roaming\npm;C:\Program Files\k6;C:\Users\Harshiths\AppData\Roaming;C:\Program Files\JMeter\bin;\bin;C:\ProgramData\chocolatey\bin;C:\Users\administrator.ADCNST\AppData\Local\nvm;C:\nvm4w\nodejs;C:\Program Files\nodejs\;C:\Users\Harshiths\AppData\Local\Android\Sdk\platform-tools;C:\Users\harshith.qa\AppData\Local\Programs\Python\Python311\Scripts\;C:\Users\harshith.qa\AppData\Local\Programs\Python\Python311\;C:\Users\harshith.qa\AppData\Local\Microsoft\WindowsApps;C:\Users\harshith.qa\AppData\Local\Programs\Microsoft VS Code\bin;C:\Users\harshith.qa\AppData\Local\Programs\Git\cmd;C:\Users\harshith.qa\AppData\Local\Programs\Windsurf\bin;C:\Users\harshith.qa\AppData\Roaming\npm
USERNAME=Harshith.QA
OS=Windows_NT
PROCESSOR_IDENTIFIER=Intel64 Family 6 Model 154 Stepping 4, GenuineIntel



---------------  S Y S T E M  ---------------

OS:
 Windows 11 , 64 bit Build 26100 (10.0.26100.7019)
OS uptime: 6 days 18:06 hours
Hyper-V role detected

CPU: total 12 (initial active 12) (6 cores per cpu, 2 threads per core) family 6 model 154 stepping 4 microcode 0x437, cx8, cmov, fxsr, ht, mmx, 3dnowpref, sse, sse2, sse3, ssse3, sse4.1, sse4.2, popcnt, lzcnt, tsc, tscinvbit, avx, avx2, aes, erms, clmul, bmi1, bmi2, adx, sha, fma, vzeroupper, clflush, clflushopt, clwb, hv, serialize

Memory: 4k page, system-wide physical 7876M (396M free)
TotalPageFile size 32452M (AvailPageFile size 68M)
current process WorkingSet (physical memory assigned to process): 12M, peak: 12M
current process commit charge ("private bytes"): 64M, peak: 188M

vm_info: Java HotSpot(TM) 64-Bit Server VM (18.0.2.1+1-1) for windows-amd64 JRE (18.0.2.1+1-1), built on Aug 16 2022 01:46:33 by "mach5one" with MS VC++ 16.8 / 16.9 (VS2019)

END.
