#
# There is insufficient memory for the Java Runtime Environment to continue.
# Native memory allocation (malloc) failed to allocate 106416 bytes for Chunk::new
# Possible reasons:
#   The system is out of physical RAM or swap space
#   The process is running with CompressedOops enabled, and the Java Heap may be blocking the growth of the native heap
# Possible solutions:
#   Reduce memory load on the system
#   Increase physical memory or swap space
#   Check if swap backing store is full
#   Decrease Java heap size (-Xmx/-Xms)
#   Decrease number of Java threads
#   Decrease Java thread stack sizes (-Xss)
#   Set larger code cache with -XX:ReservedCodeCacheSize=
#   JVM is running with Unscaled Compressed Oops mode in which the Java heap is
#     placed in the first 4GB address space. The Java Heap base address is the
#     maximum limit for the native heap growth. Please use -XX:HeapBaseMinAddress
#     to set the Java Heap base and to place the Java Heap above 4GB virtual address.
# This output file may be truncated or incomplete.
#
#  Out of Memory Error (arena.cpp:184), pid=11400, tid=21788
#
# JRE version: Java(TM) SE Runtime Environment (18.0.2.1+1) (build 18.0.2.1+1-1)
# Java VM: Java HotSpot(TM) 64-Bit Server VM (18.0.2.1+1-1, mixed mode, sharing, tiered, compressed oops, compressed class ptrs, g1 gc, windows-amd64)
# No core dump will be written. Minidumps are not enabled by default on client versions of Windows
#

---------------  S U M M A R Y ------------

Command Line: --illegal-access=permit C:\Users\harshith.qa\AppData\Local\Temp\surefire9300203554079666824\surefirebooter-20251202152159470_3.jar C:\Users\harshith.qa\AppData\Local\Temp\surefire9300203554079666824 2025-12-02T15-21-58_540-jvmRun1 surefire-20251202152159470_1tmp surefire_0-20251202152159470_2tmp

Host: 12th Gen Intel(R) Core(TM) i7-1255U, 12 cores, 7G,  Windows 11 , 64 bit Build 26100 (10.0.26100.7019)
Time: Tue Dec  2 15:22:07 2025 India Standard Time elapsed time: 7.808633 seconds (0d 0h 0m 7s)

---------------  T H R E A D  ---------------

Current thread (0x0000022b91c3c2a0):  JavaThread "C2 CompilerThread0" daemon [_thread_in_native, id=21788, stack(0x000000da15d00000,0x000000da15e00000)]


Current CompileTask:
C2:   7808 1424       4       jdk.internal.loader.URLClassPath::getResource (74 bytes)

Stack: [0x000000da15d00000,0x000000da15e00000]
Native frames: (J=compiled Java code, j=interpreted, Vv=VM code, C=native code)
V  [jvm.dll+0x6993aa]
V  [jvm.dll+0x7f46dd]
V  [jvm.dll+0x7f5fee]
V  [jvm.dll+0x7f66a3]
V  [jvm.dll+0x25cf1f]
V  [jvm.dll+0xb8c2f]
V  [jvm.dll+0xb8fa5]
V  [jvm.dll+0x581fc0]
V  [jvm.dll+0x1d2d6d]
V  [jvm.dll+0x230259]
V  [jvm.dll+0x22f4d1]
V  [jvm.dll+0x1ba01c]
V  [jvm.dll+0x23ee0a]
V  [jvm.dll+0x23d0f5]
V  [jvm.dll+0x7a6dd1]
V  [jvm.dll+0x7a120a]
V  [jvm.dll+0x698255]
C  [ucrtbase.dll+0x37b0]
C  [KERNEL32.DLL+0x2e8d7]
C  [ntdll.dll+0x8c53c]


---------------  P R O C E S S  ---------------

Threads class SMR info:
_java_thread_list=0x0000022b97026ba0, length=16, elements={
0x0000022bf37b7fa0, 0x0000022b91c1b750, 0x0000022b91c1c000, 0x0000022b91c394a0,
0x0000022b91c39d50, 0x0000022b91c3a600, 0x0000022b91c3b6c0, 0x0000022b91c3c2a0,
0x0000022b91c3cb90, 0x0000022b91c40980, 0x0000022b960d62f0, 0x0000022b960dbe70,
0x0000022b962032b0, 0x0000022b9636cdb0, 0x0000022b96f3d730, 0x0000022b96efe740
}

Java Threads: ( => current thread )
  0x0000022bf37b7fa0 JavaThread "main" [_thread_in_Java, id=39796, stack(0x000000da15000000,0x000000da15100000)]
  0x0000022b91c1b750 JavaThread "Reference Handler" daemon [_thread_blocked, id=12120, stack(0x000000da15700000,0x000000da15800000)]
  0x0000022b91c1c000 JavaThread "Finalizer" daemon [_thread_blocked, id=32972, stack(0x000000da15800000,0x000000da15900000)]
  0x0000022b91c394a0 JavaThread "Signal Dispatcher" daemon [_thread_blocked, id=44072, stack(0x000000da15900000,0x000000da15a00000)]
  0x0000022b91c39d50 JavaThread "Attach Listener" daemon [_thread_blocked, id=20872, stack(0x000000da15a00000,0x000000da15b00000)]
  0x0000022b91c3a600 JavaThread "Service Thread" daemon [_thread_blocked, id=16716, stack(0x000000da15b00000,0x000000da15c00000)]
  0x0000022b91c3b6c0 JavaThread "Monitor Deflation Thread" daemon [_thread_blocked, id=14392, stack(0x000000da15c00000,0x000000da15d00000)]
=>0x0000022b91c3c2a0 JavaThread "C2 CompilerThread0" daemon [_thread_in_native, id=21788, stack(0x000000da15d00000,0x000000da15e00000)]
  0x0000022b91c3cb90 JavaThread "C1 CompilerThread0" daemon [_thread_blocked, id=6512, stack(0x000000da15e00000,0x000000da15f00000)]
  0x0000022b91c40980 JavaThread "Sweeper thread" daemon [_thread_blocked, id=25864, stack(0x000000da15f00000,0x000000da16000000)]
  0x0000022b960d62f0 JavaThread "Notification Thread" daemon [_thread_blocked, id=44940, stack(0x000000da16000000,0x000000da16100000)]
  0x0000022b960dbe70 JavaThread "Common-Cleaner" daemon [_thread_blocked, id=44676, stack(0x000000da16200000,0x000000da16300000)]
  0x0000022b962032b0 JavaThread "surefire-forkedjvm-stream-flusher" daemon [_thread_blocked, id=19816, stack(0x000000da16400000,0x000000da16500000)]
  0x0000022b9636cdb0 JavaThread "surefire-forkedjvm-command-thread" daemon [_thread_in_native, id=3020, stack(0x000000da16500000,0x000000da16600000)]
  0x0000022b96f3d730 JavaThread "ForkJoinPool.commonPool-worker-1" daemon [_thread_blocked, id=27728, stack(0x000000da16e00000,0x000000da16f00000)]
  0x0000022b96efe740 JavaThread "AsyncHttpClient-1-1" daemon [_thread_blocked, id=43584, stack(0x000000da16f00000,0x000000da17000000)]

Other Threads:
  0x0000022bf3833cc0 VMThread "VM Thread" [stack: 0x000000da15600000,0x000000da15700000] [id=8232]
  0x0000022b960da7d0 WatcherThread "VM Periodic Task Thread" [stack: 0x000000da16100000,0x000000da16200000] [id=24832]
  0x0000022bf38182a0 WorkerThread "GC Thread#0" [stack: 0x000000da15100000,0x000000da15200000] [id=44000]
  0x0000022b96f5c850 WorkerThread "GC Thread#1" [stack: 0x000000da16600000,0x000000da16700000] [id=11460]
  0x0000022b96718510 WorkerThread "GC Thread#2" [stack: 0x000000da16700000,0x000000da16800000] [id=28220]
  0x0000022b9664c040 WorkerThread "GC Thread#3" [stack: 0x000000da16800000,0x000000da16900000] [id=23984]
  0x0000022b96db31b0 WorkerThread "GC Thread#4" [stack: 0x000000da16900000,0x000000da16a00000] [id=35940]
  0x0000022b96db3450 WorkerThread "GC Thread#5" [stack: 0x000000da16a00000,0x000000da16b00000] [id=11612]
  0x0000022b96f8ff60 WorkerThread "GC Thread#6" [stack: 0x000000da16b00000,0x000000da16c00000] [id=33088]
  0x0000022b96f90200 WorkerThread "GC Thread#7" [stack: 0x000000da16c00000,0x000000da16d00000] [id=9920]
  0x0000022b96f968c0 WorkerThread "GC Thread#8" [stack: 0x000000da16d00000,0x000000da16e00000] [id=13388]
  0x0000022bf382a630 ConcurrentGCThread "G1 Main Marker" [stack: 0x000000da15200000,0x000000da15300000] [id=10332]
  0x0000022bf382ae30 WorkerThread "G1 Conc#0" [stack: 0x000000da15300000,0x000000da15400000] [id=29708]
  0x0000022b91ad0570 ConcurrentGCThread "G1 Refine#0" [stack: 0x000000da15400000,0x000000da15500000] [id=29924]
  0x0000022b91ad1c40 ConcurrentGCThread "G1 Service" [stack: 0x000000da15500000,0x000000da15600000] [id=45320]

Threads with active compile tasks:
C2 CompilerThread0     7853 1424       4       jdk.internal.loader.URLClassPath::getResource (74 bytes)

VM state: not at safepoint (normal execution)

VM Mutex/Monitor currently owned by a thread: None

Heap address: 0x0000000084e00000, size: 1970 MB, Compressed Oops mode: 32-bit

CDS archive(s) mapped at: [0x0000000800000000-0x0000000800ba0000-0x0000000800ba0000), size 12189696, SharedBaseAddress: 0x0000000800000000, ArchiveRelocationMode: 0.
Compressed class space mapped at: 0x0000000800c00000-0x0000000840c00000, reserved size: 1073741824
Narrow klass base: 0x0000000800000000, Narrow klass shift: 0, Narrow klass range: 0x100000000

GC Precious Log:
 CardTable entry size: 512
 Card Set container configuration: InlinePtr #cards 5 size 8 Array Of Cards #cards 12 size 40 Howl #buckets 4 coarsen threshold 1843 Howl Bitmap #cards 512 size 80 coarsen threshold 460 Card regions per heap region 1 cards per card region 2048
 CPUs: 12 total, 12 available
 Memory: 7876M
 Large Page Support: Disabled
 NUMA Support: Disabled
 Compressed Oops: Enabled (32-bit)
 Heap Region Size: 1M
 Heap Min Capacity: 8M
 Heap Initial Capacity: 124M
 Heap Max Capacity: 1970M
 Pre-touch: Disabled
 Parallel Workers: 10
 Concurrent Workers: 3
 Concurrent Refinement Workers: 10
 Periodic GC: Disabled

Heap:
 garbage-first heap   total 126976K, used 16102K [0x0000000084e00000, 0x0000000100000000)
  region size 1024K, 14 young (14336K), 3 survivors (3072K)
 Metaspace       used 10113K, committed 10432K, reserved 1114112K
  class space    used 1187K, committed 1344K, reserved 1048576K

Heap Regions: E=young(eden), S=young(survivor), O=old, HS=humongous(starts), HC=humongous(continues), CS=collection set, F=free, OA=open archive, CA=closed archive, TAMS=top-at-mark-start (previous, next)
|   0|0x0000000084e00000, 0x0000000084f00000, 0x0000000084f00000|100%| O|  |TAMS 0x0000000084e00000, 0x0000000084e00000| Untracked 
|   1|0x0000000084f00000, 0x0000000085000000, 0x0000000085000000|100%| O|  |TAMS 0x0000000084f00000, 0x0000000084f00000| Untracked 
|   2|0x0000000085000000, 0x00000000850b9800, 0x0000000085100000| 72%| O|  |TAMS 0x0000000085000000, 0x0000000085000000| Untracked 
|   3|0x0000000085100000, 0x0000000085100000, 0x0000000085200000|  0%| F|  |TAMS 0x0000000085100000, 0x0000000085100000| Untracked 
|   4|0x0000000085200000, 0x0000000085200000, 0x0000000085300000|  0%| F|  |TAMS 0x0000000085200000, 0x0000000085200000| Untracked 
|   5|0x0000000085300000, 0x0000000085300000, 0x0000000085400000|  0%| F|  |TAMS 0x0000000085300000, 0x0000000085300000| Untracked 
|   6|0x0000000085400000, 0x0000000085400000, 0x0000000085500000|  0%| F|  |TAMS 0x0000000085400000, 0x0000000085400000| Untracked 
|   7|0x0000000085500000, 0x0000000085500000, 0x0000000085600000|  0%| F|  |TAMS 0x0000000085500000, 0x0000000085500000| Untracked 
|   8|0x0000000085600000, 0x0000000085600000, 0x0000000085700000|  0%| F|  |TAMS 0x0000000085600000, 0x0000000085600000| Untracked 
|   9|0x0000000085700000, 0x0000000085700000, 0x0000000085800000|  0%| F|  |TAMS 0x0000000085700000, 0x0000000085700000| Untracked 
|  10|0x0000000085800000, 0x0000000085800000, 0x0000000085900000|  0%| F|  |TAMS 0x0000000085800000, 0x0000000085800000| Untracked 
|  11|0x0000000085900000, 0x0000000085900000, 0x0000000085a00000|  0%| F|  |TAMS 0x0000000085900000, 0x0000000085900000| Untracked 
|  12|0x0000000085a00000, 0x0000000085a00000, 0x0000000085b00000|  0%| F|  |TAMS 0x0000000085a00000, 0x0000000085a00000| Untracked 
|  13|0x0000000085b00000, 0x0000000085b00000, 0x0000000085c00000|  0%| F|  |TAMS 0x0000000085b00000, 0x0000000085b00000| Untracked 
|  14|0x0000000085c00000, 0x0000000085c00000, 0x0000000085d00000|  0%| F|  |TAMS 0x0000000085c00000, 0x0000000085c00000| Untracked 
|  15|0x0000000085d00000, 0x0000000085d00000, 0x0000000085e00000|  0%| F|  |TAMS 0x0000000085d00000, 0x0000000085d00000| Untracked 
|  16|0x0000000085e00000, 0x0000000085e00000, 0x0000000085f00000|  0%| F|  |TAMS 0x0000000085e00000, 0x0000000085e00000| Untracked 
|  17|0x0000000085f00000, 0x0000000085f00000, 0x0000000086000000|  0%| F|  |TAMS 0x0000000085f00000, 0x0000000085f00000| Untracked 
|  18|0x0000000086000000, 0x0000000086000000, 0x0000000086100000|  0%| F|  |TAMS 0x0000000086000000, 0x0000000086000000| Untracked 
|  19|0x0000000086100000, 0x0000000086100000, 0x0000000086200000|  0%| F|  |TAMS 0x0000000086100000, 0x0000000086100000| Untracked 
|  20|0x0000000086200000, 0x0000000086200000, 0x0000000086300000|  0%| F|  |TAMS 0x0000000086200000, 0x0000000086200000| Untracked 
|  21|0x0000000086300000, 0x0000000086300000, 0x0000000086400000|  0%| F|  |TAMS 0x0000000086300000, 0x0000000086300000| Untracked 
|  22|0x0000000086400000, 0x0000000086400000, 0x0000000086500000|  0%| F|  |TAMS 0x0000000086400000, 0x0000000086400000| Untracked 
|  23|0x0000000086500000, 0x0000000086500000, 0x0000000086600000|  0%| F|  |TAMS 0x0000000086500000, 0x0000000086500000| Untracked 
|  24|0x0000000086600000, 0x0000000086600000, 0x0000000086700000|  0%| F|  |TAMS 0x0000000086600000, 0x0000000086600000| Untracked 
|  25|0x0000000086700000, 0x0000000086700000, 0x0000000086800000|  0%| F|  |TAMS 0x0000000086700000, 0x0000000086700000| Untracked 
|  26|0x0000000086800000, 0x0000000086800000, 0x0000000086900000|  0%| F|  |TAMS 0x0000000086800000, 0x0000000086800000| Untracked 
|  27|0x0000000086900000, 0x0000000086900000, 0x0000000086a00000|  0%| F|  |TAMS 0x0000000086900000, 0x0000000086900000| Untracked 
|  28|0x0000000086a00000, 0x0000000086a00000, 0x0000000086b00000|  0%| F|  |TAMS 0x0000000086a00000, 0x0000000086a00000| Untracked 
|  29|0x0000000086b00000, 0x0000000086b00000, 0x0000000086c00000|  0%| F|  |TAMS 0x0000000086b00000, 0x0000000086b00000| Untracked 
|  30|0x0000000086c00000, 0x0000000086c00000, 0x0000000086d00000|  0%| F|  |TAMS 0x0000000086c00000, 0x0000000086c00000| Untracked 
|  31|0x0000000086d00000, 0x0000000086d00000, 0x0000000086e00000|  0%| F|  |TAMS 0x0000000086d00000, 0x0000000086d00000| Untracked 
|  32|0x0000000086e00000, 0x0000000086e00000, 0x0000000086f00000|  0%| F|  |TAMS 0x0000000086e00000, 0x0000000086e00000| Untracked 
|  33|0x0000000086f00000, 0x0000000086f00000, 0x0000000087000000|  0%| F|  |TAMS 0x0000000086f00000, 0x0000000086f00000| Untracked 
|  34|0x0000000087000000, 0x0000000087000000, 0x0000000087100000|  0%| F|  |TAMS 0x0000000087000000, 0x0000000087000000| Untracked 
|  35|0x0000000087100000, 0x0000000087100000, 0x0000000087200000|  0%| F|  |TAMS 0x0000000087100000, 0x0000000087100000| Untracked 
|  36|0x0000000087200000, 0x0000000087200000, 0x0000000087300000|  0%| F|  |TAMS 0x0000000087200000, 0x0000000087200000| Untracked 
|  37|0x0000000087300000, 0x0000000087300000, 0x0000000087400000|  0%| F|  |TAMS 0x0000000087300000, 0x0000000087300000| Untracked 
|  38|0x0000000087400000, 0x0000000087400000, 0x0000000087500000|  0%| F|  |TAMS 0x0000000087400000, 0x0000000087400000| Untracked 
|  39|0x0000000087500000, 0x0000000087500000, 0x0000000087600000|  0%| F|  |TAMS 0x0000000087500000, 0x0000000087500000| Untracked 
|  40|0x0000000087600000, 0x0000000087600000, 0x0000000087700000|  0%| F|  |TAMS 0x0000000087600000, 0x0000000087600000| Untracked 
|  41|0x0000000087700000, 0x0000000087700000, 0x0000000087800000|  0%| F|  |TAMS 0x0000000087700000, 0x0000000087700000| Untracked 
|  42|0x0000000087800000, 0x0000000087800000, 0x0000000087900000|  0%| F|  |TAMS 0x0000000087800000, 0x0000000087800000| Untracked 
|  43|0x0000000087900000, 0x0000000087900000, 0x0000000087a00000|  0%| F|  |TAMS 0x0000000087900000, 0x0000000087900000| Untracked 
|  44|0x0000000087a00000, 0x0000000087a00000, 0x0000000087b00000|  0%| F|  |TAMS 0x0000000087a00000, 0x0000000087a00000| Untracked 
|  45|0x0000000087b00000, 0x0000000087b00000, 0x0000000087c00000|  0%| F|  |TAMS 0x0000000087b00000, 0x0000000087b00000| Untracked 
|  46|0x0000000087c00000, 0x0000000087c00000, 0x0000000087d00000|  0%| F|  |TAMS 0x0000000087c00000, 0x0000000087c00000| Untracked 
|  47|0x0000000087d00000, 0x0000000087d00000, 0x0000000087e00000|  0%| F|  |TAMS 0x0000000087d00000, 0x0000000087d00000| Untracked 
|  48|0x0000000087e00000, 0x0000000087e00000, 0x0000000087f00000|  0%| F|  |TAMS 0x0000000087e00000, 0x0000000087e00000| Untracked 
|  49|0x0000000087f00000, 0x0000000087f00000, 0x0000000088000000|  0%| F|  |TAMS 0x0000000087f00000, 0x0000000087f00000| Untracked 
|  50|0x0000000088000000, 0x0000000088000000, 0x0000000088100000|  0%| F|  |TAMS 0x0000000088000000, 0x0000000088000000| Untracked 
|  51|0x0000000088100000, 0x0000000088100000, 0x0000000088200000|  0%| F|  |TAMS 0x0000000088100000, 0x0000000088100000| Untracked 
|  52|0x0000000088200000, 0x0000000088200000, 0x0000000088300000|  0%| F|  |TAMS 0x0000000088200000, 0x0000000088200000| Untracked 
|  53|0x0000000088300000, 0x0000000088300000, 0x0000000088400000|  0%| F|  |TAMS 0x0000000088300000, 0x0000000088300000| Untracked 
|  54|0x0000000088400000, 0x0000000088400000, 0x0000000088500000|  0%| F|  |TAMS 0x0000000088400000, 0x0000000088400000| Untracked 
|  55|0x0000000088500000, 0x0000000088500000, 0x0000000088600000|  0%| F|  |TAMS 0x0000000088500000, 0x0000000088500000| Untracked 
|  56|0x0000000088600000, 0x0000000088600000, 0x0000000088700000|  0%| F|  |TAMS 0x0000000088600000, 0x0000000088600000| Untracked 
|  57|0x0000000088700000, 0x0000000088700000, 0x0000000088800000|  0%| F|  |TAMS 0x0000000088700000, 0x0000000088700000| Untracked 
|  58|0x0000000088800000, 0x0000000088800000, 0x0000000088900000|  0%| F|  |TAMS 0x0000000088800000, 0x0000000088800000| Untracked 
|  59|0x0000000088900000, 0x0000000088900000, 0x0000000088a00000|  0%| F|  |TAMS 0x0000000088900000, 0x0000000088900000| Untracked 
|  60|0x0000000088a00000, 0x0000000088a00000, 0x0000000088b00000|  0%| F|  |TAMS 0x0000000088a00000, 0x0000000088a00000| Untracked 
|  61|0x0000000088b00000, 0x0000000088b00000, 0x0000000088c00000|  0%| F|  |TAMS 0x0000000088b00000, 0x0000000088b00000| Untracked 
|  62|0x0000000088c00000, 0x0000000088c00000, 0x0000000088d00000|  0%| F|  |TAMS 0x0000000088c00000, 0x0000000088c00000| Untracked 
|  63|0x0000000088d00000, 0x0000000088d00000, 0x0000000088e00000|  0%| F|  |TAMS 0x0000000088d00000, 0x0000000088d00000| Untracked 
|  64|0x0000000088e00000, 0x0000000088e00000, 0x0000000088f00000|  0%| F|  |TAMS 0x0000000088e00000, 0x0000000088e00000| Untracked 
|  65|0x0000000088f00000, 0x0000000088f00000, 0x0000000089000000|  0%| F|  |TAMS 0x0000000088f00000, 0x0000000088f00000| Untracked 
|  66|0x0000000089000000, 0x0000000089000000, 0x0000000089100000|  0%| F|  |TAMS 0x0000000089000000, 0x0000000089000000| Untracked 
|  67|0x0000000089100000, 0x0000000089100000, 0x0000000089200000|  0%| F|  |TAMS 0x0000000089100000, 0x0000000089100000| Untracked 
|  68|0x0000000089200000, 0x0000000089200000, 0x0000000089300000|  0%| F|  |TAMS 0x0000000089200000, 0x0000000089200000| Untracked 
|  69|0x0000000089300000, 0x0000000089300000, 0x0000000089400000|  0%| F|  |TAMS 0x0000000089300000, 0x0000000089300000| Untracked 
|  70|0x0000000089400000, 0x0000000089400000, 0x0000000089500000|  0%| F|  |TAMS 0x0000000089400000, 0x0000000089400000| Untracked 
|  71|0x0000000089500000, 0x0000000089500000, 0x0000000089600000|  0%| F|  |TAMS 0x0000000089500000, 0x0000000089500000| Untracked 
|  72|0x0000000089600000, 0x0000000089600000, 0x0000000089700000|  0%| F|  |TAMS 0x0000000089600000, 0x0000000089600000| Untracked 
|  73|0x0000000089700000, 0x0000000089700000, 0x0000000089800000|  0%| F|  |TAMS 0x0000000089700000, 0x0000000089700000| Untracked 
|  74|0x0000000089800000, 0x0000000089800000, 0x0000000089900000|  0%| F|  |TAMS 0x0000000089800000, 0x0000000089800000| Untracked 
|  75|0x0000000089900000, 0x0000000089900000, 0x0000000089a00000|  0%| F|  |TAMS 0x0000000089900000, 0x0000000089900000| Untracked 
|  76|0x0000000089a00000, 0x0000000089a00000, 0x0000000089b00000|  0%| F|  |TAMS 0x0000000089a00000, 0x0000000089a00000| Untracked 
|  77|0x0000000089b00000, 0x0000000089b00000, 0x0000000089c00000|  0%| F|  |TAMS 0x0000000089b00000, 0x0000000089b00000| Untracked 
|  78|0x0000000089c00000, 0x0000000089c00000, 0x0000000089d00000|  0%| F|  |TAMS 0x0000000089c00000, 0x0000000089c00000| Untracked 
|  79|0x0000000089d00000, 0x0000000089d00000, 0x0000000089e00000|  0%| F|  |TAMS 0x0000000089d00000, 0x0000000089d00000| Untracked 
|  80|0x0000000089e00000, 0x0000000089e00000, 0x0000000089f00000|  0%| F|  |TAMS 0x0000000089e00000, 0x0000000089e00000| Untracked 
|  81|0x0000000089f00000, 0x0000000089f00000, 0x000000008a000000|  0%| F|  |TAMS 0x0000000089f00000, 0x0000000089f00000| Untracked 
|  82|0x000000008a000000, 0x000000008a000000, 0x000000008a100000|  0%| F|  |TAMS 0x000000008a000000, 0x000000008a000000| Untracked 
|  83|0x000000008a100000, 0x000000008a100000, 0x000000008a200000|  0%| F|  |TAMS 0x000000008a100000, 0x000000008a100000| Untracked 
|  84|0x000000008a200000, 0x000000008a200000, 0x000000008a300000|  0%| F|  |TAMS 0x000000008a200000, 0x000000008a200000| Untracked 
|  85|0x000000008a300000, 0x000000008a300000, 0x000000008a400000|  0%| F|  |TAMS 0x000000008a300000, 0x000000008a300000| Untracked 
|  86|0x000000008a400000, 0x000000008a400000, 0x000000008a500000|  0%| F|  |TAMS 0x000000008a400000, 0x000000008a400000| Untracked 
|  87|0x000000008a500000, 0x000000008a500000, 0x000000008a600000|  0%| F|  |TAMS 0x000000008a500000, 0x000000008a500000| Untracked 
|  88|0x000000008a600000, 0x000000008a600000, 0x000000008a700000|  0%| F|  |TAMS 0x000000008a600000, 0x000000008a600000| Untracked 
|  89|0x000000008a700000, 0x000000008a700000, 0x000000008a800000|  0%| F|  |TAMS 0x000000008a700000, 0x000000008a700000| Untracked 
|  90|0x000000008a800000, 0x000000008a800000, 0x000000008a900000|  0%| F|  |TAMS 0x000000008a800000, 0x000000008a800000| Untracked 
|  91|0x000000008a900000, 0x000000008a900000, 0x000000008aa00000|  0%| F|  |TAMS 0x000000008a900000, 0x000000008a900000| Untracked 
|  92|0x000000008aa00000, 0x000000008aa00000, 0x000000008ab00000|  0%| F|  |TAMS 0x000000008aa00000, 0x000000008aa00000| Untracked 
|  93|0x000000008ab00000, 0x000000008ab00000, 0x000000008ac00000|  0%| F|  |TAMS 0x000000008ab00000, 0x000000008ab00000| Untracked 
|  94|0x000000008ac00000, 0x000000008ac00000, 0x000000008ad00000|  0%| F|  |TAMS 0x000000008ac00000, 0x000000008ac00000| Untracked 
|  95|0x000000008ad00000, 0x000000008ad00000, 0x000000008ae00000|  0%| F|  |TAMS 0x000000008ad00000, 0x000000008ad00000| Untracked 
|  96|0x000000008ae00000, 0x000000008ae00000, 0x000000008af00000|  0%| F|  |TAMS 0x000000008ae00000, 0x000000008ae00000| Untracked 
|  97|0x000000008af00000, 0x000000008af00000, 0x000000008b000000|  0%| F|  |TAMS 0x000000008af00000, 0x000000008af00000| Untracked 
|  98|0x000000008b000000, 0x000000008b100000, 0x000000008b100000|100%| S|CS|TAMS 0x000000008b000000, 0x000000008b000000| Complete 
|  99|0x000000008b100000, 0x000000008b200000, 0x000000008b200000|100%| S|CS|TAMS 0x000000008b100000, 0x000000008b100000| Complete 
| 100|0x000000008b200000, 0x000000008b300000, 0x000000008b300000|100%| S|CS|TAMS 0x000000008b200000, 0x000000008b200000| Complete 
| 101|0x000000008b300000, 0x000000008b300000, 0x000000008b400000|  0%| F|  |TAMS 0x000000008b300000, 0x000000008b300000| Untracked 
| 102|0x000000008b400000, 0x000000008b400000, 0x000000008b500000|  0%| F|  |TAMS 0x000000008b400000, 0x000000008b400000| Untracked 
| 103|0x000000008b500000, 0x000000008b500000, 0x000000008b600000|  0%| F|  |TAMS 0x000000008b500000, 0x000000008b500000| Untracked 
| 104|0x000000008b600000, 0x000000008b600000, 0x000000008b700000|  0%| F|  |TAMS 0x000000008b600000, 0x000000008b600000| Untracked 
| 105|0x000000008b700000, 0x000000008b700000, 0x000000008b800000|  0%| F|  |TAMS 0x000000008b700000, 0x000000008b700000| Untracked 
| 106|0x000000008b800000, 0x000000008b800000, 0x000000008b900000|  0%| F|  |TAMS 0x000000008b800000, 0x000000008b800000| Untracked 
| 107|0x000000008b900000, 0x000000008b900000, 0x000000008ba00000|  0%| F|  |TAMS 0x000000008b900000, 0x000000008b900000| Untracked 
| 108|0x000000008ba00000, 0x000000008ba00000, 0x000000008bb00000|  0%| F|  |TAMS 0x000000008ba00000, 0x000000008ba00000| Untracked 
| 109|0x000000008bb00000, 0x000000008bb00000, 0x000000008bc00000|  0%| F|  |TAMS 0x000000008bb00000, 0x000000008bb00000| Untracked 
| 110|0x000000008bc00000, 0x000000008bc00000, 0x000000008bd00000|  0%| F|  |TAMS 0x000000008bc00000, 0x000000008bc00000| Untracked 
| 111|0x000000008bd00000, 0x000000008bd00000, 0x000000008be00000|  0%| F|  |TAMS 0x000000008bd00000, 0x000000008bd00000| Untracked 
| 112|0x000000008be00000, 0x000000008be00000, 0x000000008bf00000|  0%| F|  |TAMS 0x000000008be00000, 0x000000008be00000| Untracked 
| 113|0x000000008bf00000, 0x000000008c000000, 0x000000008c000000|100%| E|  |TAMS 0x000000008bf00000, 0x000000008bf00000| Complete 
| 114|0x000000008c000000, 0x000000008c100000, 0x000000008c100000|100%| E|CS|TAMS 0x000000008c000000, 0x000000008c000000| Complete 
| 115|0x000000008c100000, 0x000000008c200000, 0x000000008c200000|100%| E|CS|TAMS 0x000000008c100000, 0x000000008c100000| Complete 
| 116|0x000000008c200000, 0x000000008c300000, 0x000000008c300000|100%| E|CS|TAMS 0x000000008c200000, 0x000000008c200000| Complete 
| 117|0x000000008c300000, 0x000000008c400000, 0x000000008c400000|100%| E|CS|TAMS 0x000000008c300000, 0x000000008c300000| Complete 
| 118|0x000000008c400000, 0x000000008c500000, 0x000000008c500000|100%| E|CS|TAMS 0x000000008c400000, 0x000000008c400000| Complete 
| 119|0x000000008c500000, 0x000000008c600000, 0x000000008c600000|100%| E|CS|TAMS 0x000000008c500000, 0x000000008c500000| Complete 
| 120|0x000000008c600000, 0x000000008c700000, 0x000000008c700000|100%| E|CS|TAMS 0x000000008c600000, 0x000000008c600000| Complete 
| 121|0x000000008c700000, 0x000000008c800000, 0x000000008c800000|100%| E|CS|TAMS 0x000000008c700000, 0x000000008c700000| Complete 
| 122|0x000000008c800000, 0x000000008c900000, 0x000000008c900000|100%| E|CS|TAMS 0x000000008c800000, 0x000000008c800000| Complete 
| 123|0x000000008c900000, 0x000000008ca00000, 0x000000008ca00000|100%| E|CS|TAMS 0x000000008c900000, 0x000000008c900000| Complete 

Card table byte_map: [0x0000022bfba10000,0x0000022bfbdf0000] _byte_map_base: 0x0000022bfb5e9000

Marking Bits (Prev, Next): (CMBitMap*) 0x0000022bf381a6c0, (CMBitMap*) 0x0000022bf381a700
 Prev Bits: [0x0000022bfc1d0000, 0x0000022bfe098000)
 Next Bits: [0x0000022bfe0a0000, 0x0000022bfff68000)

Polling page: 0x0000022bf2eb0000

Metaspace:

Usage:
  Non-class:      8.78 MB used.
      Class:      1.17 MB used.
       Both:      9.95 MB used.

Virtual space:
  Non-class space:       64.00 MB reserved,       8.94 MB ( 14%) committed,  1 nodes.
      Class space:        1.00 GB reserved,       1.31 MB ( <1%) committed,  1 nodes.
             Both:        1.06 GB reserved,      10.25 MB ( <1%) committed. 

Chunk freelists:
   Non-Class:  3.06 MB
       Class:  2.67 MB
        Both:  5.73 MB

MaxMetaspaceSize: unlimited
CompressedClassSpaceSize: 1.00 GB
Initial GC threshold: 21.00 MB
Current GC threshold: 21.00 MB
CDS: on
MetaspaceReclaimPolicy: balanced
 - commit_granule_bytes: 65536.
 - commit_granule_words: 8192.
 - virtual_space_node_default_size: 8388608.
 - enlarge_chunks_in_place: 1.
 - new_chunks_are_fully_committed: 0.
 - uncommit_free_chunks: 1.
 - use_allocation_guard: 0.


Internal statistics:

num_allocs_failed_limit: 0.
num_arena_births: 282.
num_arena_deaths: 0.
num_vsnodes_births: 2.
num_vsnodes_deaths: 0.
num_space_committed: 164.
num_space_uncommitted: 0.
num_chunks_returned_to_freelist: 0.
num_chunks_taken_from_freelist: 568.
num_chunk_merges: 0.
num_chunk_splits: 381.
num_chunks_enlarged: 265.
num_inconsistent_stats: 0.

CodeHeap 'non-profiled nmethods': size=120000Kb used=537Kb max_used=537Kb free=119462Kb
 bounds [0x0000022b87ad0000, 0x0000022b87d40000, 0x0000022b8f000000]
CodeHeap 'profiled nmethods': size=120000Kb used=2667Kb max_used=2667Kb free=117332Kb
 bounds [0x0000022b805a0000, 0x0000022b80840000, 0x0000022b87ad0000]
CodeHeap 'non-nmethods': size=5760Kb used=1230Kb max_used=1233Kb free=4529Kb
 bounds [0x0000022b80000000, 0x0000022b80270000, 0x0000022b805a0000]
 total_blobs=1990 nmethods=1476 adapters=426
 compilation: enabled
              stopped_count=0, restarted_count=0
 full_count=0

Compilation events (20 events):
Event: 5.791 Thread 0x0000022b9703b6d0 1436       4       java.lang.String::lastIndexOf (12 bytes)
Event: 5.794 Thread 0x0000022b91c3cb90 1455       3       java.util.Arrays$ArrayItr::hasNext (18 bytes)
Event: 5.795 Thread 0x0000022b91c3cb90 nmethod 1455 0x0000022b8082f890 code [0x0000022b8082fa20, 0x0000022b8082fb98]
Event: 5.795 Thread 0x0000022b91c3cb90 1457       3       java.util.regex.Matcher::search (154 bytes)
Event: 5.795 Thread 0x0000022b91c3cb90 nmethod 1457 0x0000022b8082fc90 code [0x0000022b8082fe60, 0x0000022b808303f8]
Event: 5.795 Thread 0x0000022b91c3cb90 1456       3       java.lang.StringLatin1::getChar (9 bytes)
Event: 5.796 Thread 0x0000022b91c3cb90 nmethod 1456 0x0000022b80830610 code [0x0000022b808307a0, 0x0000022b808308b8]
Event: 5.798 Thread 0x0000022b9703b6d0 nmethod 1436 0x0000022b87b55a90 code [0x0000022b87b55c20, 0x0000022b87b55e18]
Event: 5.803 Thread 0x0000022b91c3cb90 1458       1       java.security.Provider$Service::getClassName (5 bytes)
Event: 5.803 Thread 0x0000022b91c3cb90 nmethod 1458 0x0000022b87b55f90 code [0x0000022b87b56120, 0x0000022b87b561f8]
Event: 5.803 Thread 0x0000022b91c3cb90 1459       3       java.util.HashMap::entrySet (27 bytes)
Event: 5.804 Thread 0x0000022b91c3cb90 nmethod 1459 0x0000022b80830990 code [0x0000022b80830b60, 0x0000022b80830f78]
Event: 5.804 Thread 0x0000022b91c3cb90 1460       3       java.util.HashMap$EntrySet::iterator (12 bytes)
Event: 5.804 Thread 0x0000022b91c3cb90 nmethod 1460 0x0000022b80831110 code [0x0000022b808312c0, 0x0000022b808314c8]
Event: 5.804 Thread 0x0000022b91c3cb90 1461       3       java.security.Provider$ServiceKey::hashCode (19 bytes)
Event: 5.804 Thread 0x0000022b91c3cb90 nmethod 1461 0x0000022b80831590 code [0x0000022b80831740, 0x0000022b808318d8]
Event: 6.015 Thread 0x0000022b91c3cb90 1462       3       java.nio.ByteBuffer::position (8 bytes)
Event: 6.016 Thread 0x0000022b91c3cb90 nmethod 1462 0x0000022b80831a10 code [0x0000022b80831ba0, 0x0000022b80831ce8]
Event: 6.443 Thread 0x0000022b91c3cb90 1463       3       java.util.concurrent.ThreadPoolExecutor::runStateAtLeast (11 bytes)
Event: 6.444 Thread 0x0000022b91c3cb90 nmethod 1463 0x0000022b80831d90 code [0x0000022b80831f20, 0x0000022b80832078]

GC Heap History (2 events):
Event: 3.328 GC heap before
{Heap before GC invocations=0 (full 0):
 garbage-first heap   total 126976K, used 23552K [0x0000000084e00000, 0x0000000100000000)
  region size 1024K, 23 young (23552K), 0 survivors (0K)
 Metaspace       used 6247K, committed 6528K, reserved 1114112K
  class space    used 694K, committed 832K, reserved 1048576K
}
Event: 3.342 GC heap after
{Heap after GC invocations=1 (full 0):
 garbage-first heap   total 126976K, used 5862K [0x0000000084e00000, 0x0000000100000000)
  region size 1024K, 3 young (3072K), 3 survivors (3072K)
 Metaspace       used 6247K, committed 6528K, reserved 1114112K
  class space    used 694K, committed 832K, reserved 1048576K
}

Deoptimization events (20 events):
Event: 5.764 Thread 0x0000022bf37b7fa0 Uncommon trap: trap_request=0xffffffc6 fr.pc=0x0000022b87b43eb4 relative=0x0000000000000274
Event: 5.764 Thread 0x0000022bf37b7fa0 Uncommon trap: reason=bimorphic_or_optimized_type_check action=maybe_recompile pc=0x0000022b87b43eb4 method=java.util.HashMap.getNode(Ljava/lang/Object;)Ljava/util/HashMap$Node; @ 128 c2
Event: 5.764 Thread 0x0000022bf37b7fa0 DEOPT PACKING pc=0x0000022b87b43eb4 sp=0x000000da150fb550
Event: 5.764 Thread 0x0000022bf37b7fa0 DEOPT UNPACKING pc=0x0000022b800523a3 sp=0x000000da150fb4b8 mode 2
Event: 5.765 Thread 0x0000022bf37b7fa0 Uncommon trap: trap_request=0xffffffde fr.pc=0x0000022b87b4bcc4 relative=0x00000000000007c4
Event: 5.765 Thread 0x0000022bf37b7fa0 Uncommon trap: reason=class_check action=maybe_recompile pc=0x0000022b87b4bcc4 method=java.util.HashMap.putVal(ILjava/lang/Object;Ljava/lang/Object;ZZ)Ljava/lang/Object; @ 203 c2
Event: 5.765 Thread 0x0000022bf37b7fa0 DEOPT PACKING pc=0x0000022b87b4bcc4 sp=0x000000da150fb4c0
Event: 5.765 Thread 0x0000022bf37b7fa0 DEOPT UNPACKING pc=0x0000022b800523a3 sp=0x000000da150fb440 mode 2
Event: 5.765 Thread 0x0000022bf37b7fa0 Uncommon trap: trap_request=0xffffffde fr.pc=0x0000022b87b4bcc4 relative=0x00000000000007c4
Event: 5.765 Thread 0x0000022bf37b7fa0 Uncommon trap: reason=class_check action=maybe_recompile pc=0x0000022b87b4bcc4 method=java.util.HashMap.putVal(ILjava/lang/Object;Ljava/lang/Object;ZZ)Ljava/lang/Object; @ 203 c2
Event: 5.765 Thread 0x0000022bf37b7fa0 DEOPT PACKING pc=0x0000022b87b4bcc4 sp=0x000000da150fb4c0
Event: 5.765 Thread 0x0000022bf37b7fa0 DEOPT UNPACKING pc=0x0000022b800523a3 sp=0x000000da150fb440 mode 2
Event: 5.765 Thread 0x0000022bf37b7fa0 Uncommon trap: trap_request=0xffffffde fr.pc=0x0000022b87b4bcc4 relative=0x00000000000007c4
Event: 5.765 Thread 0x0000022bf37b7fa0 Uncommon trap: reason=class_check action=maybe_recompile pc=0x0000022b87b4bcc4 method=java.util.HashMap.putVal(ILjava/lang/Object;Ljava/lang/Object;ZZ)Ljava/lang/Object; @ 203 c2
Event: 5.765 Thread 0x0000022bf37b7fa0 DEOPT PACKING pc=0x0000022b87b4bcc4 sp=0x000000da150fb4c0
Event: 5.765 Thread 0x0000022bf37b7fa0 DEOPT UNPACKING pc=0x0000022b800523a3 sp=0x000000da150fb440 mode 2
Event: 5.767 Thread 0x0000022bf37b7fa0 Uncommon trap: trap_request=0xffffffde fr.pc=0x0000022b87b4bcc4 relative=0x00000000000007c4
Event: 5.767 Thread 0x0000022bf37b7fa0 Uncommon trap: reason=class_check action=maybe_recompile pc=0x0000022b87b4bcc4 method=java.util.HashMap.putVal(ILjava/lang/Object;Ljava/lang/Object;ZZ)Ljava/lang/Object; @ 203 c2
Event: 5.767 Thread 0x0000022bf37b7fa0 DEOPT PACKING pc=0x0000022b87b4bcc4 sp=0x000000da150fb4c0
Event: 5.767 Thread 0x0000022bf37b7fa0 DEOPT UNPACKING pc=0x0000022b800523a3 sp=0x000000da150fb440 mode 2

Classes loaded (20 events):
Event: 5.799 Loading class sun/security/ssl/SSLCipher$NullWriteCipherGenerator
Event: 5.799 Loading class sun/security/ssl/SSLCipher$WriteCipherGenerator
Event: 5.799 Loading class sun/security/ssl/SSLCipher$WriteCipherGenerator done
Event: 5.799 Loading class sun/security/ssl/SSLCipher$NullWriteCipherGenerator done
Event: 5.799 Loading class sun/security/ssl/SSLCipher$StreamReadCipherGenerator
Event: 5.800 Loading class sun/security/ssl/SSLCipher$StreamReadCipherGenerator done
Event: 5.800 Loading class sun/security/ssl/SSLCipher$StreamWriteCipherGenerator
Event: 5.800 Loading class sun/security/ssl/SSLCipher$StreamWriteCipherGenerator done
Event: 5.800 Loading class javax/crypto/Cipher
Event: 5.801 Loading class javax/crypto/Cipher done
Event: 5.801 Loading class javax/crypto/Cipher$Transform
Event: 5.802 Loading class javax/crypto/Cipher$Transform done
Event: 5.802 Loading class sun/security/jca/ServiceId
Event: 5.802 Loading class sun/security/jca/ServiceId done
Event: 5.802 Loading class sun/security/jca/ProviderList$ServiceList
Event: 5.802 Loading class sun/security/jca/ProviderList$ServiceList done
Event: 5.802 Loading class sun/security/jca/ProviderList$ServiceList$1
Event: 5.802 Loading class sun/security/jca/ProviderList$ServiceList$1 done
Event: 5.802 Loading class com/sun/crypto/provider/SunJCE
Event: 5.803 Loading class com/sun/crypto/provider/SunJCE done

Classes unloaded (0 events):
No events

Classes redefined (0 events):
No events

Internal exceptions (20 events):
Event: 2.050 Thread 0x0000022bf37b7fa0 Exception <a 'java/lang/NoSuchMethodError'{0x000000008b8d7eb0}: 'java.lang.Object java.lang.invoke.Invokers$Holder.linkToTargetMethod(java.lang.Object, java.lang.Object, java.lang.Object, java.lang.Object, java.lang.Object, java.lang.Object, java.lang.Object, java.lang.Object, java.lang.Object)'> (0x000000008b8d7eb0) 
thrown [s\open\src\hotspot\share\interpreter\linkResolver.cpp, line 759]
Event: 2.062 Thread 0x0000022bf37b7fa0 Exception <a 'java/lang/NoSuchMethodError'{0x000000008b71d7c0}: 'java.lang.Object java.lang.invoke.DirectMethodHandle$Holder.newInvokeSpecial(java.lang.Object, java.lang.Object, java.lang.Object, java.lang.Object, java.lang.Object, java.lang.Object, java.lang.Object)'> (0x000000008b71d7c0) 
thrown [s\open\src\hotspot\share\interpreter\linkResolver.cpp, line 759]
Event: 2.062 Thread 0x0000022bf37b7fa0 Exception <a 'java/lang/NoSuchMethodError'{0x000000008b722430}: 'java.lang.Object java.lang.invoke.Invokers$Holder.linkToTargetMethod(java.lang.Object, java.lang.Object, java.lang.Object, java.lang.Object, java.lang.Object, java.lang.Object, java.lang.Object)'> (0x000000008b722430) 
thrown [s\open\src\hotspot\share\interpreter\linkResolver.cpp, line 759]
Event: 2.077 Thread 0x0000022bf37b7fa0 Exception <a 'java/lang/NoSuchMethodError'{0x000000008b778b30}: 'java.lang.Object java.lang.invoke.DirectMethodHandle$Holder.newInvokeSpecial(java.lang.Object, java.lang.Object, java.lang.Object, java.lang.Object, java.lang.Object)'> (0x000000008b778b30) 
thrown [s\open\src\hotspot\share\interpreter\linkResolver.cpp, line 759]
Event: 2.105 Thread 0x0000022bf37b7fa0 Exception <a 'java/lang/IncompatibleClassChangeError'{0x000000008b7fea88}: Found class java.lang.Object, but interface was expected> (0x000000008b7fea88) 
thrown [s\open\src\hotspot\share\interpreter\linkResolver.cpp, line 826]
Event: 2.125 Thread 0x0000022bf37b7fa0 Exception <a 'java/lang/NoSuchMethodError'{0x000000008b66e5c8}: 'java.lang.Object java.lang.invoke.Invokers$Holder.linkToTargetMethod(java.lang.Object, long, java.lang.Object)'> (0x000000008b66e5c8) 
thrown [s\open\src\hotspot\share\interpreter\linkResolver.cpp, line 759]
Event: 2.125 Thread 0x0000022bf37b7fa0 Exception <a 'java/lang/NoSuchMethodError'{0x000000008b6793e8}: 'java.lang.Object java.lang.invoke.DirectMethodHandle$Holder.newInvokeSpecial(java.lang.Object, java.lang.Object, int, java.lang.Object, java.lang.Object)'> (0x000000008b6793e8) 
thrown [s\open\src\hotspot\share\interpreter\linkResolver.cpp, line 759]
Event: 2.149 Thread 0x0000022bf37b7fa0 Exception <a 'java/lang/NoSuchMethodError'{0x000000008b524608}: 'java.lang.Object java.lang.invoke.DirectMethodHandle$Holder.newInvokeSpecial(java.lang.Object, int, java.lang.Object)'> (0x000000008b524608) 
thrown [s\open\src\hotspot\share\interpreter\linkResolver.cpp, line 759]
Event: 3.199 Thread 0x0000022bf37b7fa0 Exception <a 'java/lang/NoSuchMethodError'{0x000000008b567458}: 'java.lang.Object java.lang.invoke.DirectMethodHandle$Holder.invokeStatic(java.lang.Object, java.lang.Object, java.lang.Object, int, java.lang.Object, java.lang.Object)'> (0x000000008b567458) 
thrown [s\open\src\hotspot\share\interpreter\linkResolver.cpp, line 759]
Event: 3.203 Thread 0x0000022bf37b7fa0 Exception <a 'java/lang/NoSuchMethodError'{0x000000008b56f468}: 'java.lang.Object java.lang.invoke.DirectMethodHandle$Holder.newInvokeSpecial(java.lang.Object, java.lang.Object, java.lang.Object, int, java.lang.Object)'> (0x000000008b56f468) 
thrown [s\open\src\hotspot\share\interpreter\linkResolver.cpp, line 759]
Event: 3.205 Thread 0x0000022bf37b7fa0 Exception <a 'java/lang/NoSuchMethodError'{0x000000008b5770b8}: 'java.lang.Object java.lang.invoke.Invokers$Holder.linkToTargetMethod(java.lang.Object, java.lang.Object, int, java.lang.Object, java.lang.Object)'> (0x000000008b5770b8) 
thrown [s\open\src\hotspot\share\interpreter\linkResolver.cpp, line 759]
Event: 3.216 Thread 0x0000022bf37b7fa0 Exception <a 'java/lang/NoSuchMethodError'{0x000000008b5c0880}: 'void java.lang.invoke.DirectMethodHandle$Holder.invokeStatic(java.lang.Object, java.lang.Object, java.lang.Object)'> (0x000000008b5c0880) 
thrown [s\open\src\hotspot\share\interpreter\linkResolver.cpp, line 759]
Event: 3.273 Thread 0x0000022bf37b7fa0 Exception <a 'java/lang/NoSuchMethodError'{0x000000008b4da800}: 'void java.lang.invoke.DirectMethodHandle$Holder.invokeInterface(java.lang.Object, java.lang.Object)'> (0x000000008b4da800) 
thrown [s\open\src\hotspot\share\interpreter\linkResolver.cpp, line 759]
Event: 3.282 Thread 0x0000022bf37b7fa0 Exception <a 'java/lang/IncompatibleClassChangeError'{0x000000008b30adc0}: Found class java.lang.Object, but interface was expected> (0x000000008b30adc0) 
thrown [s\open\src\hotspot\share\interpreter\linkResolver.cpp, line 826]
Event: 3.282 Thread 0x0000022bf37b7fa0 Exception <a 'java/lang/NoSuchMethodError'{0x000000008b30de90}: 'int java.lang.invoke.DirectMethodHandle$Holder.invokeSpecial(java.lang.Object, java.lang.Object, java.lang.Object, java.lang.Object, java.lang.Object)'> (0x000000008b30de90) 
thrown [s\open\src\hotspot\share\interpreter\linkResolver.cpp, line 759]
Event: 3.298 Thread 0x0000022bf37b7fa0 Exception <a 'java/lang/NoSuchMethodError'{0x000000008b37d200}: 'void java.lang.invoke.DirectMethodHandle$Holder.invokeVirtual(java.lang.Object, java.lang.Object)'> (0x000000008b37d200) 
thrown [s\open\src\hotspot\share\interpreter\linkResolver.cpp, line 759]
Event: 3.370 Thread 0x0000022bf37b7fa0 Exception <a 'java/lang/NoSuchMethodError'{0x000000008c9dcf50}: 'java.lang.Object java.lang.invoke.DirectMethodHandle$Holder.invokeInterface(java.lang.Object, java.lang.Object, java.lang.Object)'> (0x000000008c9dcf50) 
thrown [s\open\src\hotspot\share\interpreter\linkResolver.cpp, line 759]
Event: 3.372 Thread 0x0000022bf37b7fa0 Exception <a 'java/lang/IncompatibleClassChangeError'{0x000000008c9e08d0}: Found class java.lang.Object, but interface was expected> (0x000000008c9e08d0) 
thrown [s\open\src\hotspot\share\interpreter\linkResolver.cpp, line 826]
Event: 3.374 Thread 0x0000022bf37b7fa0 Exception <a 'java/lang/NoSuchMethodError'{0x000000008c9e9470}: 'int java.lang.invoke.DirectMethodHandle$Holder.invokeSpecialIFC(java.lang.Object, java.lang.Object, java.lang.Object, java.lang.Object)'> (0x000000008c9e9470) 
thrown [s\open\src\hotspot\share\interpreter\linkResolver.cpp, line 759]
Event: 3.542 Thread 0x0000022bf37b7fa0 Exception <a 'java/lang/NoSuchMethodError'{0x000000008c41ceb8}: 'void java.lang.invoke.DirectMethodHandle$Holder.invokeStaticInit(java.lang.Object, java.lang.Object)'> (0x000000008c41ceb8) 
thrown [s\open\src\hotspot\share\interpreter\linkResolver.cpp, line 759]

VM Operations (20 events):
Event: 3.190 Executing VM operation: Cleanup done
Event: 3.292 Executing VM operation: HandshakeAllThreads
Event: 3.292 Executing VM operation: HandshakeAllThreads done
Event: 3.328 Executing VM operation: G1CollectForAllocation
Event: 3.342 Executing VM operation: G1CollectForAllocation done
Event: 3.384 Executing VM operation: HandshakeAllThreads
Event: 3.384 Executing VM operation: HandshakeAllThreads done
Event: 3.501 Executing VM operation: HandshakeAllThreads
Event: 3.501 Executing VM operation: HandshakeAllThreads done
Event: 3.598 Executing VM operation: HandshakeAllThreads
Event: 3.598 Executing VM operation: HandshakeAllThreads done
Event: 3.614 Executing VM operation: HandshakeAllThreads
Event: 3.614 Executing VM operation: HandshakeAllThreads done
Event: 4.615 Executing VM operation: Cleanup
Event: 4.726 Executing VM operation: Cleanup done
Event: 5.763 Executing VM operation: HandshakeAllThreads
Event: 5.763 Executing VM operation: HandshakeAllThreads done
Event: 5.763 Executing VM operation: Cleanup
Event: 5.763 Executing VM operation: Cleanup done
Event: 6.764 Executing VM operation: Cleanup

Events (20 events):
Event: 0.054 Thread 0x0000022b91c3b6c0 Thread added: 0x0000022b91c3b6c0
Event: 0.054 Thread 0x0000022b91c3c2a0 Thread added: 0x0000022b91c3c2a0
Event: 0.054 Thread 0x0000022b91c3cb90 Thread added: 0x0000022b91c3cb90
Event: 0.055 Thread 0x0000022b91c40980 Thread added: 0x0000022b91c40980
Event: 0.078 Thread 0x0000022b960d62f0 Thread added: 0x0000022b960d62f0
Event: 0.082 Thread 0x0000022b960dbe70 Thread added: 0x0000022b960dbe70
Event: 0.086 Loaded shared library C:\Program Files\Java\jdk-18.0.2.1\bin\net.dll
Event: 0.089 Loaded shared library C:\Program Files\Java\jdk-18.0.2.1\bin\nio.dll
Event: 0.099 Loaded shared library C:\Program Files\Java\jdk-18.0.2.1\bin\zip.dll
Event: 0.198 Loaded shared library C:\Program Files\Java\jdk-18.0.2.1\bin\management.dll
Event: 0.203 Loaded shared library C:\Program Files\Java\jdk-18.0.2.1\bin\management_ext.dll
Event: 0.229 Loaded shared library C:\Program Files\Java\jdk-18.0.2.1\bin\jimage.dll
Event: 0.253 Thread 0x0000022b961b53b0 Thread added: 0x0000022b961b53b0
Event: 0.325 Thread 0x0000022b962032b0 Thread added: 0x0000022b962032b0
Event: 0.337 Thread 0x0000022b9636cdb0 Thread added: 0x0000022b9636cdb0
Event: 3.511 Thread 0x0000022b96f3d730 Thread added: 0x0000022b96f3d730
Event: 3.669 Thread 0x0000022b96efe740 Thread added: 0x0000022b96efe740
Event: 4.714 Thread 0x0000022b961b53b0 Thread exited: 0x0000022b961b53b0
Event: 5.768 Thread 0x0000022b9703b6d0 Thread added: 0x0000022b9703b6d0
Event: 6.015 Thread 0x0000022b9703b6d0 Thread exited: 0x0000022b9703b6d0


Dynamic libraries:
0x00007ff7f0020000 - 0x00007ff7f0030000 	C:\Program Files\Java\jdk-18.0.2.1\bin\java.exe
0x00007fff3c020000 - 0x00007fff3c288000 	C:\WINDOWS\SYSTEM32\ntdll.dll
0x00007fff3adc0000 - 0x00007fff3ae89000 	C:\WINDOWS\System32\KERNEL32.DLL
0x00007fff392e0000 - 0x00007fff396d8000 	C:\WINDOWS\System32\KERNELBASE.dll
0x00007fff397a0000 - 0x00007fff398eb000 	C:\WINDOWS\System32\ucrtbase.dll
0x00007fff23ef0000 - 0x00007fff23f08000 	C:\Program Files\Java\jdk-18.0.2.1\bin\jli.dll
0x00007fff3a6c0000 - 0x00007fff3a774000 	C:\WINDOWS\System32\ADVAPI32.dll
0x00007fff3a040000 - 0x00007fff3a0e9000 	C:\WINDOWS\System32\msvcrt.dll
0x00007fff3bdc0000 - 0x00007fff3be66000 	C:\WINDOWS\System32\sechost.dll
0x00007fff22b30000 - 0x00007fff22b4a000 	C:\Program Files\Java\jdk-18.0.2.1\bin\VCRUNTIME140.dll
0x00007fff3b960000 - 0x00007fff3ba78000 	C:\WINDOWS\System32\RPCRT4.dll
0x00007fff3bb10000 - 0x00007fff3bcd7000 	C:\WINDOWS\System32\USER32.dll
0x00007fff39a50000 - 0x00007fff39a77000 	C:\WINDOWS\System32\win32u.dll
0x00007fff3a690000 - 0x00007fff3a6bb000 	C:\WINDOWS\System32\GDI32.dll
0x00007fff21c70000 - 0x00007fff21f04000 	C:\WINDOWS\WinSxS\amd64_microsoft.windows.common-controls_6595b64144ccf1df_6.0.26100.7019_none_3e06ffa0e335b8a8\COMCTL32.dll
0x00007fff39c00000 - 0x00007fff39d2c000 	C:\WINDOWS\System32\gdi32full.dll
0x00007fff399a0000 - 0x00007fff39a43000 	C:\WINDOWS\System32\msvcp_win.dll
0x00007fff24e30000 - 0x00007fff24e3b000 	C:\WINDOWS\SYSTEM32\VERSION.dll
0x00007fff3a0f0000 - 0x00007fff3a121000 	C:\WINDOWS\System32\IMM32.DLL
0x00007fff241c0000 - 0x00007fff241cc000 	C:\Program Files\Java\jdk-18.0.2.1\bin\vcruntime140_1.dll
0x00007ffef5900000 - 0x00007ffef598d000 	C:\Program Files\Java\jdk-18.0.2.1\bin\msvcp140.dll
0x00007ffeafcb0000 - 0x00007ffeb08c1000 	C:\Program Files\Java\jdk-18.0.2.1\bin\server\jvm.dll
0x00007fff3acc0000 - 0x00007fff3acc8000 	C:\WINDOWS\System32\PSAPI.DLL
0x00007fff32dc0000 - 0x00007fff32df5000 	C:\WINDOWS\SYSTEM32\WINMM.dll
0x00007fff30660000 - 0x00007fff3066a000 	C:\WINDOWS\SYSTEM32\WSOCK32.dll
0x00007fff3ba80000 - 0x00007fff3baf4000 	C:\WINDOWS\System32\WS2_32.dll
0x00007fff37e50000 - 0x00007fff37e6b000 	C:\WINDOWS\SYSTEM32\kernel.appcore.dll
0x00007fff22ef0000 - 0x00007fff22efa000 	C:\Program Files\Java\jdk-18.0.2.1\bin\jimage.dll
0x00007fff365d0000 - 0x00007fff36812000 	C:\WINDOWS\SYSTEM32\DBGHELP.DLL
0x00007fff3a930000 - 0x00007fff3acbb000 	C:\WINDOWS\System32\combase.dll
0x00007fff3bce0000 - 0x00007fff3bdb7000 	C:\WINDOWS\System32\OLEAUT32.dll
0x00007fff167d0000 - 0x00007fff1680c000 	C:\WINDOWS\SYSTEM32\dbgcore.DLL
0x00007fff398f0000 - 0x00007fff39995000 	C:\WINDOWS\System32\bcryptPrimitives.dll
0x00007fff05320000 - 0x00007fff05345000 	C:\Program Files\Java\jdk-18.0.2.1\bin\java.dll
0x00007ffef7310000 - 0x00007ffef73e6000 	C:\Program Files\Java\jdk-18.0.2.1\bin\jsvml.dll
0x00007fff3b130000 - 0x00007fff3b87f000 	C:\WINDOWS\System32\SHELL32.dll
0x00007fff39170000 - 0x00007fff392db000 	C:\WINDOWS\System32\wintypes.dll
0x00007fff36b50000 - 0x00007fff373ad000 	C:\WINDOWS\SYSTEM32\windows.storage.dll
0x00007fff3b030000 - 0x00007fff3b122000 	C:\WINDOWS\System32\SHCORE.dll
0x00007fff3acd0000 - 0x00007fff3ad37000 	C:\WINDOWS\System32\shlwapi.dll
0x00007fff39090000 - 0x00007fff390b9000 	C:\WINDOWS\SYSTEM32\profapi.dll
0x00007fff1f400000 - 0x00007fff1f413000 	C:\Program Files\Java\jdk-18.0.2.1\bin\net.dll
0x00007fff32e00000 - 0x00007fff32f28000 	C:\WINDOWS\SYSTEM32\WINHTTP.dll
0x00007fff38440000 - 0x00007fff384ab000 	C:\WINDOWS\system32\mswsock.dll
0x00007fff07670000 - 0x00007fff07686000 	C:\Program Files\Java\jdk-18.0.2.1\bin\nio.dll
0x00007fff07040000 - 0x00007fff07058000 	C:\Program Files\Java\jdk-18.0.2.1\bin\zip.dll
0x00007fff24330000 - 0x00007fff24339000 	C:\Program Files\Java\jdk-18.0.2.1\bin\management.dll
0x00007fff23e80000 - 0x00007fff23e8b000 	C:\Program Files\Java\jdk-18.0.2.1\bin\management_ext.dll
0x00007fff38830000 - 0x00007fff3884b000 	C:\WINDOWS\SYSTEM32\CRYPTSP.dll
0x00007fff37e70000 - 0x00007fff37eaa000 	C:\WINDOWS\system32\rsaenh.dll
0x00007fff384f0000 - 0x00007fff3851b000 	C:\WINDOWS\SYSTEM32\USERENV.dll
0x00007fff39060000 - 0x00007fff3908a000 	C:\WINDOWS\SYSTEM32\bcrypt.dll
0x00007fff38690000 - 0x00007fff3869c000 	C:\WINDOWS\SYSTEM32\CRYPTBASE.dll
0x00007fff37830000 - 0x00007fff37864000 	C:\WINDOWS\SYSTEM32\IPHLPAPI.DLL
0x00007fff3b950000 - 0x00007fff3b95a000 	C:\WINDOWS\System32\NSI.dll
0x00007fff33110000 - 0x00007fff3312e000 	C:\WINDOWS\SYSTEM32\dhcpcsvc6.DLL
0x00007fff330b0000 - 0x00007fff330d3000 	C:\WINDOWS\SYSTEM32\dhcpcsvc.DLL
0x00007fff37870000 - 0x00007fff3799c000 	C:\WINDOWS\SYSTEM32\DNSAPI.dll

dbghelp: loaded successfully - version: 4.0.5 - missing functions: none
symbol engine: initialized successfully - sym options: 0x614 - pdb path: .;C:\Program Files\Java\jdk-18.0.2.1\bin;C:\WINDOWS\SYSTEM32;C:\WINDOWS\WinSxS\amd64_microsoft.windows.common-controls_6595b64144ccf1df_6.0.26100.7019_none_3e06ffa0e335b8a8;C:\Program Files\Java\jdk-18.0.2.1\bin\server

VM Arguments:
jvm_args: --illegal-access=permit 
java_command: C:\Users\harshith.qa\AppData\Local\Temp\surefire9300203554079666824\surefirebooter-20251202152159470_3.jar C:\Users\harshith.qa\AppData\Local\Temp\surefire9300203554079666824 2025-12-02T15-21-58_540-jvmRun1 surefire-20251202152159470_1tmp surefire_0-20251202152159470_2tmp
java_class_path (initial): C:\Users\harshith.qa\AppData\Local\Temp\surefire9300203554079666824\surefirebooter-20251202152159470_3.jar
Launcher Type: SUN_STANDARD

[Global flags]
     intx CICompilerCount                          = 4                                         {product} {ergonomic}
     uint ConcGCThreads                            = 3                                         {product} {ergonomic}
     uint G1ConcRefinementThreads                  = 10                                        {product} {ergonomic}
   size_t G1HeapRegionSize                         = 1048576                                   {product} {ergonomic}
    uintx GCDrainStackTargetSize                   = 64                                        {product} {ergonomic}
   size_t InitialHeapSize                          = 130023424                                 {product} {ergonomic}
   size_t MarkStackSize                            = 4194304                                   {product} {ergonomic}
   size_t MaxHeapSize                              = 2065694720                                {product} {ergonomic}
   size_t MaxNewSize                               = 1239416832                                {product} {ergonomic}
   size_t MinHeapDeltaBytes                        = 1048576                                   {product} {ergonomic}
   size_t MinHeapSize                              = 8388608                                   {product} {ergonomic}
    uintx NonNMethodCodeHeapSize                   = 5839372                                {pd product} {ergonomic}
    uintx NonProfiledCodeHeapSize                  = 122909434                              {pd product} {ergonomic}
    uintx ProfiledCodeHeapSize                     = 122909434                              {pd product} {ergonomic}
    uintx ReservedCodeCacheSize                    = 251658240                              {pd product} {ergonomic}
     bool SegmentedCodeCache                       = true                                      {product} {ergonomic}
   size_t SoftMaxHeapSize                          = 2065694720                             {manageable} {ergonomic}
     bool UseCompressedClassPointers               = true                           {product lp64_product} {ergonomic}
     bool UseCompressedOops                        = true                           {product lp64_product} {ergonomic}
     bool UseG1GC                                  = true                                      {product} {ergonomic}
     bool UseLargePagesIndividualAllocation        = false                                  {pd product} {ergonomic}

Logging:
Log output configuration:
 #0: stdout all=warning uptime,level,tags foldmultilines=false
 #1: stderr all=off uptime,level,tags foldmultilines=false

Environment Variables:
JAVA_HOME=C:\Program Files\Java\jdk-18.0.2.1
PATH=C:\Python314\Scripts\;C:\Python314\;C:\Program Files\Eclipse Adoptium\jdk-17.0.7.7-hotspot\bin;C:\Program Files\Common Files\Oracle\Java\javapath;C:\WINDOWS\system32;C:\WINDOWS;C:\WINDOWS\System32\Wbem;C:\WINDOWS\System32\WindowsPowerShell\v1.0\;C:\WINDOWS\System32\OpenSSH\;C:\Program Files\dotnet\;;C:\Users\harshith.qa\AppData\Local\Android\Sdk;C:\Users\Harshiths\AppData\Local\Android\Sdk\build-tools;C:\Users\Harshiths\AppData\Local\Android\Sdk\platforms;C:\Users\Harshiths\AppData\Local\Android\Sdk\platform-tools;C:\Users\Harshiths\AppData\Local\Android\Sdk\tools;C:\Users\Harshiths\node_modules;C:\Users\Harshiths\node_modules\newman\lib\config;C:\Users\Harshiths\AppData\Roaming\npm;C:\Program Files\k6;C:\Users\Harshiths\AppData\Roaming;C:\Program Files\JMeter\bin;\bin;C:\ProgramData\chocolatey\bin;C:\Users\administrator.ADCNST\AppData\Local\nvm;C:\nvm4w\nodejs;C:\Program Files\nodejs\;C:\Users\Harshiths\AppData\Local\Android\Sdk\platform-tools;C:\Users\harshith.qa\AppData\Local\Programs\Python\Python311\Scripts\;C:\Users\harshith.qa\AppData\Local\Programs\Python\Python311\;C:\Users\harshith.qa\AppData\Local\Microsoft\WindowsApps;C:\Users\harshith.qa\AppData\Local\Programs\Microsoft VS Code\bin;C:\Users\harshith.qa\AppData\Local\Programs\Git\cmd;C:\Users\harshith.qa\AppData\Local\Programs\Windsurf\bin;C:\Users\harshith.qa\AppData\Roaming\npm
USERNAME=Harshith.QA
OS=Windows_NT
PROCESSOR_IDENTIFIER=Intel64 Family 6 Model 154 Stepping 4, GenuineIntel



---------------  S Y S T E M  ---------------

OS:
 Windows 11 , 64 bit Build 26100 (10.0.26100.7019)
OS uptime: 6 days 17:55 hours
Hyper-V role detected

CPU: total 12 (initial active 12) (6 cores per cpu, 2 threads per core) family 6 model 154 stepping 4 microcode 0x437, cx8, cmov, fxsr, ht, mmx, 3dnowpref, sse, sse2, sse3, ssse3, sse4.1, sse4.2, popcnt, lzcnt, tsc, tscinvbit, avx, avx2, aes, erms, clmul, bmi1, bmi2, adx, sha, fma, vzeroupper, clflush, clflushopt, clwb, hv, serialize

Memory: 4k page, system-wide physical 7876M (694M free)
TotalPageFile size 32452M (AvailPageFile size 27M)
current process WorkingSet (physical memory assigned to process): 95M, peak: 95M
current process commit charge ("private bytes"): 237M, peak: 237M

vm_info: Java HotSpot(TM) 64-Bit Server VM (18.0.2.1+1-1) for windows-amd64 JRE (18.0.2.1+1-1), built on Aug 16 2022 01:46:33 by "mach5one" with MS VC++ 16.8 / 16.9 (VS2019)

END.
